Release 14.7 Map P.20131013 (nt64)
Xilinx Mapping Report File for Design 'ALU'

Design Information
------------------
Command Line   : map -intstyle ise -p xc6slx25t-csg324-3 -w -logic_opt off -ol
high -t 1 -xt 0 -register_duplication off -r 4 -global_opt off -mt off -ir off
-pr off -lc off -power off -o ALU_map.ncd ALU.ngd ALU.pcf 
Target Device  : xc6slx25t
Target Package : csg324
Target Speed   : -3
Mapper Version : spartan6 -- $Revision: 1.55 $
Mapped Date    : Sun Jul 18 23:54:41 2021

Design Summary
--------------
Number of errors:      0
Number of warnings:    0
Slice Logic Utilization:
  Number of Slice Registers:                     3 out of  30,064    1%
    Number used as Flip Flops:                   0
    Number used as Latches:                      0
    Number used as Latch-thrus:                  0
    Number used as AND/OR logics:                3
  Number of Slice LUTs:                        717 out of  15,032    4%
    Number used as logic:                      717 out of  15,032    4%
      Number using O6 output only:             603
      Number using O5 output only:               0
      Number using O5 and O6:                  114
      Number used as ROM:                        0
    Number used as Memory:                       0 out of   3,664    0%

Slice Logic Distribution:
  Number of occupied Slices:                   258 out of   3,758    6%
  Number of MUXCYs used:                        36 out of   7,516    1%
  Number of LUT Flip Flop pairs used:          717
    Number with an unused Flip Flop:           714 out of     717   99%
    Number with an unused LUT:                   0 out of     717    0%
    Number of fully used LUT-FF pairs:           3 out of     717    1%
    Number of slice register sites lost
      to control set restrictions:               0 out of  30,064    0%

  A LUT Flip Flop pair for this architecture represents one LUT paired with
  one Flip Flop within a slice.  A control set is a unique combination of
  clock, reset, set, and enable signals for a registered element.
  The Slice Logic Distribution report is not meaningful if the design is
  over-mapped for a non-slice resource or if Placement fails.

IO Utilization:
  Number of bonded IOBs:                        44 out of     190   23%

Specific Feature Utilization:
  Number of RAMB16BWERs:                         0 out of      52    0%
  Number of RAMB8BWERs:                          0 out of     104    0%
  Number of BUFIO2/BUFIO2_2CLKs:                 0 out of      32    0%
  Number of BUFIO2FB/BUFIO2FB_2CLKs:             0 out of      32    0%
  Number of BUFG/BUFGMUXs:                       0 out of      16    0%
  Number of DCM/DCM_CLKGENs:                     0 out of       4    0%
  Number of ILOGIC2/ISERDES2s:                   0 out of     272    0%
  Number of IODELAY2/IODRP2/IODRP2_MCBs:         0 out of     272    0%
  Number of OLOGIC2/OSERDES2s:                   0 out of     272    0%
  Number of BSCANs:                              0 out of       4    0%
  Number of BUFHs:                               0 out of     160    0%
  Number of BUFPLLs:                             0 out of       8    0%
  Number of BUFPLL_MCBs:                         0 out of       4    0%
  Number of DSP48A1s:                            5 out of      38   13%
  Number of GTPA1_DUALs:                         0 out of       1    0%
  Number of ICAPs:                               0 out of       1    0%
  Number of MCBs:                                0 out of       2    0%
  Number of PCIE_A1s:                            0 out of       1    0%
  Number of PCILOGICSEs:                         0 out of       2    0%
  Number of PLL_ADVs:                            0 out of       2    0%
  Number of PMVs:                                0 out of       1    0%
  Number of STARTUPs:                            0 out of       1    0%
  Number of SUSPEND_SYNCs:                       0 out of       1    0%

Average Fanout of Non-Clock Nets:                4.26

Peak Memory Usage:  4548 MB
Total REAL time to MAP completion:  11 secs 
Total CPU time to MAP completion:   9 secs 

Table of Contents
-----------------
Section 1 - Errors
Section 2 - Warnings
Section 3 - Informational
Section 4 - Removed Logic Summary
Section 5 - Removed Logic
Section 6 - IOB Properties
Section 7 - RPMs
Section 8 - Guide Report
Section 9 - Area Group and Partition Summary
Section 10 - Timing Report
Section 11 - Configuration String Information
Section 12 - Control Set Information
Section 13 - Utilization by Hierarchy

Section 1 - Errors
------------------

Section 2 - Warnings
--------------------

Section 3 - Informational
-------------------------
INFO:MapLib:562 - No environment variables are currently set.
INFO:LIT:244 - All of the single ended outputs in this design are using slew
   rate limited output drivers. The delay on speed critical single ended outputs
   can be dramatically reduced by designating them as fast outputs.
INFO:Pack:1716 - Initializing temperature to 85.000 Celsius. (default - Range:
   0.000 to 85.000 Celsius)
INFO:Pack:1720 - Initializing voltage to 1.140 Volts. (default - Range: 1.140 to
   1.260 Volts)
INFO:Map:215 - The Interim Design Summary has been generated in the MAP Report
   (.mrp).
INFO:Pack:1650 - Map created a placed design.

Section 4 - Removed Logic Summary
---------------------------------
   2 block(s) optimized away

Section 5 - Removed Logic
-------------------------

Optimized Block(s):
TYPE 		BLOCK
GND 		XST_GND
VCC 		XST_VCC

Section 6 - IOB Properties
--------------------------

+---------------------------------------------------------------------------------------------------------------------------------------------------------+
| IOB Name                           | Type             | Direction | IO Standard          | Diff  | Drive    | Slew | Reg (s)      | Resistor | IOB      |
|                                    |                  |           |                      | Term  | Strength | Rate |              |          | Delay    |
+---------------------------------------------------------------------------------------------------------------------------------------------------------+
| A<0>                               | IOB              | INPUT     | LVCMOS25             |       |          |      |              |          |          |
| A<1>                               | IOB              | INPUT     | LVCMOS25             |       |          |      |              |          |          |
| A<2>                               | IOB              | INPUT     | LVCMOS25             |       |          |      |              |          |          |
| A<3>                               | IOB              | INPUT     | LVCMOS25             |       |          |      |              |          |          |
| A<4>                               | IOB              | INPUT     | LVCMOS25             |       |          |      |              |          |          |
| A<5>                               | IOB              | INPUT     | LVCMOS25             |       |          |      |              |          |          |
| A<6>                               | IOB              | INPUT     | LVCMOS25             |       |          |      |              |          |          |
| A<7>                               | IOB              | INPUT     | LVCMOS25             |       |          |      |              |          |          |
| B<0>                               | IOB              | INPUT     | LVCMOS25             |       |          |      |              |          |          |
| B<1>                               | IOB              | INPUT     | LVCMOS25             |       |          |      |              |          |          |
| B<2>                               | IOB              | INPUT     | LVCMOS25             |       |          |      |              |          |          |
| B<3>                               | IOB              | INPUT     | LVCMOS25             |       |          |      |              |          |          |
| B<4>                               | IOB              | INPUT     | LVCMOS25             |       |          |      |              |          |          |
| B<5>                               | IOB              | INPUT     | LVCMOS25             |       |          |      |              |          |          |
| B<6>                               | IOB              | INPUT     | LVCMOS25             |       |          |      |              |          |          |
| B<7>                               | IOB              | INPUT     | LVCMOS25             |       |          |      |              |          |          |
| Cin                                | IOB              | INPUT     | LVCMOS25             |       |          |      |              |          |          |
| Cout                               | IOB              | OUTPUT    | LVCMOS25             |       | 12       | SLOW |              |          |          |
| F_active                           | IOB              | OUTPUT    | LVCMOS25             |       | 12       | SLOW |              |          |          |
| N                                  | IOB              | OUTPUT    | LVCMOS25             |       | 12       | SLOW |              |          |          |
| OPCODE<0>                          | IOB              | INPUT     | LVCMOS25             |       |          |      |              |          |          |
| OPCODE<1>                          | IOB              | INPUT     | LVCMOS25             |       |          |      |              |          |          |
| OPCODE<2>                          | IOB              | INPUT     | LVCMOS25             |       |          |      |              |          |          |
| OPCODE<3>                          | IOB              | INPUT     | LVCMOS25             |       |          |      |              |          |          |
| V                                  | IOB              | OUTPUT    | LVCMOS25             |       | 12       | SLOW |              |          |          |
| X<0>                               | IOB              | OUTPUT    | LVCMOS25             |       | 12       | SLOW |              |          |          |
| X<1>                               | IOB              | OUTPUT    | LVCMOS25             |       | 12       | SLOW |              |          |          |
| X<2>                               | IOB              | OUTPUT    | LVCMOS25             |       | 12       | SLOW |              |          |          |
| X<3>                               | IOB              | OUTPUT    | LVCMOS25             |       | 12       | SLOW |              |          |          |
| X<4>                               | IOB              | OUTPUT    | LVCMOS25             |       | 12       | SLOW |              |          |          |
| X<5>                               | IOB              | OUTPUT    | LVCMOS25             |       | 12       | SLOW |              |          |          |
| X<6>                               | IOB              | OUTPUT    | LVCMOS25             |       | 12       | SLOW |              |          |          |
| X<7>                               | IOB              | OUTPUT    | LVCMOS25             |       | 12       | SLOW |              |          |          |
| X_bin_pal                          | IOB              | OUTPUT    | LVCMOS25             |       | 12       | SLOW |              |          |          |
| X_prime                            | IOB              | OUTPUT    | LVCMOS25             |       | 12       | SLOW |              |          |          |
| Y<0>                               | IOB              | OUTPUT    | LVCMOS25             |       | 12       | SLOW |              |          |          |
| Y<1>                               | IOB              | OUTPUT    | LVCMOS25             |       | 12       | SLOW |              |          |          |
| Y<2>                               | IOB              | OUTPUT    | LVCMOS25             |       | 12       | SLOW |              |          |          |
| Y<3>                               | IOB              | OUTPUT    | LVCMOS25             |       | 12       | SLOW |              |          |          |
| Y<4>                               | IOB              | OUTPUT    | LVCMOS25             |       | 12       | SLOW |              |          |          |
| Y<5>                               | IOB              | OUTPUT    | LVCMOS25             |       | 12       | SLOW |              |          |          |
| Y<6>                               | IOB              | OUTPUT    | LVCMOS25             |       | 12       | SLOW |              |          |          |
| Y<7>                               | IOB              | OUTPUT    | LVCMOS25             |       | 12       | SLOW |              |          |          |
| Z                                  | IOB              | OUTPUT    | LVCMOS25             |       | 12       | SLOW |              |          |          |
+---------------------------------------------------------------------------------------------------------------------------------------------------------+

Section 7 - RPMs
----------------

Section 8 - Guide Report
------------------------
Guide not run on this design.

Section 9 - Area Group and Partition Summary
--------------------------------------------

Partition Implementation Status
-------------------------------

  No Partitions were found in this design.

-------------------------------

Area Group Information
----------------------

  No area groups were found in this design.

----------------------

Section 10 - Timing Report
--------------------------
A logic-level (pre-route) timing report can be generated by using Xilinx static
timing analysis tools, Timing Analyzer (GUI) or TRCE (command line), with the
mapped NCD and PCF files. Please note that this timing report will be generated
using estimated delay information. For accurate numbers, please generate a
timing report with the post Place and Route NCD file.

For more information about the Timing Analyzer, consult the Xilinx Timing
Analyzer Reference Manual; for more information about TRCE, consult the Xilinx
Command Line Tools User Guide "TRACE" chapter.

Section 11 - Configuration String Details
-----------------------------------------
Use the "-detail" map option to print out Configuration Strings

Section 12 - Control Set Information
------------------------------------
Use the "-detail" map option to print out Control Set Information.

Section 13 - Utilization by Hierarchy
-------------------------------------
Use the "-detail" map option to print out the Utilization by Hierarchy section.
