--------------------------------------------------------------------------------
Release 14.7 Trace  (nt64)
Copyright (c) 1995-2013 Xilinx, Inc.  All rights reserved.

C:\Xilinx1\14.7\ISE_DS\ISE\bin\nt64\unwrapped\trce.exe -intstyle ise -v 3 -s 3
-n 3 -fastpaths -xml ALU.twx ALU.ncd -o ALU.twr ALU.pcf

Design file:              ALU.ncd
Physical constraint file: ALU.pcf
Device,package,speed:     xc6slx25t,csg324,C,-3 (PRODUCTION 1.23 2013-10-13)
Report level:             verbose report

Environment Variable      Effect 
--------------------      ------ 
NONE                      No environment variables were set
--------------------------------------------------------------------------------

INFO:Timing:2698 - No timing constraints found, doing default enumeration.
INFO:Timing:3412 - To improve timing, see the Timing Closure User Guide (UG612).
INFO:Timing:2752 - To get complete path coverage, use the unconstrained paths 
   option. All paths that are not constrained will be reported in the 
   unconstrained paths section(s) of the report.
INFO:Timing:3339 - The clock-to-out numbers in this timing report are based on 
   a 50 Ohm transmission line loading model.  For the details of this model, 
   and for more information on accounting for different loading conditions, 
   please see the device datasheet.



Data Sheet report:
-----------------
All values displayed in nanoseconds (ns)

Setup/Hold to clock Clk
------------+------------+------------+------------+------------+------------------+--------+
            |Max Setup to|  Process   |Max Hold to |  Process   |                  | Clock  |
Source      | clk (edge) |   Corner   | clk (edge) |   Corner   |Internal Clock(s) | Phase  |
------------+------------+------------+------------+------------+------------------+--------+
I<0>        |    2.504(R)|      SLOW  |   -0.114(R)|      SLOW  |Clk_BUFGP         |   0.000|
I<1>        |    3.737(R)|      SLOW  |   -0.094(R)|      SLOW  |Clk_BUFGP         |   0.000|
I<2>        |    2.381(R)|      SLOW  |   -0.292(R)|      SLOW  |Clk_BUFGP         |   0.000|
I<3>        |    3.153(R)|      SLOW  |   -0.007(R)|      SLOW  |Clk_BUFGP         |   0.000|
I<4>        |    5.367(R)|      SLOW  |   -0.187(R)|      SLOW  |Clk_BUFGP         |   0.000|
I<5>        |    4.665(R)|      SLOW  |   -0.158(R)|      SLOW  |Clk_BUFGP         |   0.000|
I<6>        |    5.928(R)|      SLOW  |   -0.105(R)|      SLOW  |Clk_BUFGP         |   0.000|
I<7>        |    5.375(R)|      SLOW  |   -0.072(R)|      SLOW  |Clk_BUFGP         |   0.000|
LOAD        |    5.580(R)|      SLOW  |   -0.605(R)|      FAST  |Clk_BUFGP         |   0.000|
OP<0>       |    5.779(R)|      SLOW  |   -0.557(R)|      SLOW  |Clk_BUFGP         |   0.000|
OP<1>       |    5.758(R)|      SLOW  |   -0.615(R)|      SLOW  |Clk_BUFGP         |   0.000|
OP<2>       |    4.573(R)|      SLOW  |   -0.698(R)|      FAST  |Clk_BUFGP         |   0.000|
OP<3>       |    4.421(R)|      SLOW  |   -0.591(R)|      SLOW  |Clk_BUFGP         |   0.000|
RESET       |    4.027(R)|      SLOW  |   -0.135(R)|      SLOW  |Clk_BUFGP         |   0.000|
RUN         |    5.058(R)|      SLOW  |    0.223(R)|      SLOW  |Clk_BUFGP         |   0.000|
SEL_IN      |    5.884(R)|      SLOW  |   -0.788(R)|      FAST  |Clk_BUFGP         |   0.000|
SEL_OUT     |    4.635(R)|      SLOW  |   -0.521(R)|      SLOW  |Clk_BUFGP         |   0.000|
------------+------------+------------+------------+------------+------------------+--------+

Clock Clk to Pad
------------+-----------------+------------+-----------------+------------+------------------+--------+
            |Max (slowest) clk|  Process   |Min (fastest) clk|  Process   |                  | Clock  |
Destination |  (edge) to PAD  |   Corner   |  (edge) to PAD  |   Corner   |Internal Clock(s) | Phase  |
------------+-----------------+------------+-----------------+------------+------------------+--------+
Cout        |         8.240(R)|      SLOW  |         4.374(R)|      FAST  |Clk_BUFGP         |   0.000|
F_active    |         7.762(R)|      SLOW  |         4.047(R)|      FAST  |Clk_BUFGP         |   0.000|
N           |         7.506(R)|      SLOW  |         3.832(R)|      FAST  |Clk_BUFGP         |   0.000|
R<0>        |         8.074(R)|      SLOW  |         4.254(R)|      FAST  |Clk_BUFGP         |   0.000|
R<1>        |         7.809(R)|      SLOW  |         4.041(R)|      FAST  |Clk_BUFGP         |   0.000|
R<2>        |         7.396(R)|      SLOW  |         3.755(R)|      FAST  |Clk_BUFGP         |   0.000|
R<3>        |         7.506(R)|      SLOW  |         3.819(R)|      FAST  |Clk_BUFGP         |   0.000|
R<4>        |         7.431(R)|      SLOW  |         3.785(R)|      FAST  |Clk_BUFGP         |   0.000|
R<5>        |         7.477(R)|      SLOW  |         3.793(R)|      FAST  |Clk_BUFGP         |   0.000|
R<6>        |         7.349(R)|      SLOW  |         3.744(R)|      FAST  |Clk_BUFGP         |   0.000|
R<7>        |         7.764(R)|      SLOW  |         3.975(R)|      FAST  |Clk_BUFGP         |   0.000|
V           |         8.322(R)|      SLOW  |         4.319(R)|      FAST  |Clk_BUFGP         |   0.000|
X_bin_pal   |         8.484(R)|      SLOW  |         4.436(R)|      FAST  |Clk_BUFGP         |   0.000|
X_prime     |         8.380(R)|      SLOW  |         4.375(R)|      FAST  |Clk_BUFGP         |   0.000|
Z           |         7.990(R)|      SLOW  |         4.131(R)|      FAST  |Clk_BUFGP         |   0.000|
------------+-----------------+------------+-----------------+------------+------------------+--------+

Clock to Setup on destination clock Clk
---------------+---------+---------+---------+---------+
               | Src:Rise| Src:Fall| Src:Rise| Src:Fall|
Source Clock   |Dest:Rise|Dest:Rise|Dest:Fall|Dest:Fall|
---------------+---------+---------+---------+---------+
Clk            |   11.976|         |         |         |
---------------+---------+---------+---------+---------+


Analysis completed Fri Jul 16 22:22:44 2021 
--------------------------------------------------------------------------------

Trace Settings:
-------------------------
Trace Settings 

Peak Memory Usage: 4605 MB



