--------------------------------------------------------------------------------
Release 14.7 Trace  (nt64)
Copyright (c) 1995-2013 Xilinx, Inc.  All rights reserved.

C:\Xilinx1\14.7\ISE_DS\ISE\bin\nt64\unwrapped\trce.exe -intstyle ise -v 3 -s 3
-n 3 -fastpaths -xml ALU.twx ALU.ncd -o ALU.twr ALU.pcf

Design file:              ALU.ncd
Physical constraint file: ALU.pcf
Device,package,speed:     xc6slx25t,csg324,C,-3 (PRODUCTION 1.23 2013-10-13)
Report level:             verbose report

Environment Variable      Effect 
--------------------      ------ 
NONE                      No environment variables were set
--------------------------------------------------------------------------------

INFO:Timing:2698 - No timing constraints found, doing default enumeration.
INFO:Timing:3412 - To improve timing, see the Timing Closure User Guide (UG612).
INFO:Timing:2752 - To get complete path coverage, use the unconstrained paths 
   option. All paths that are not constrained will be reported in the 
   unconstrained paths section(s) of the report.
INFO:Timing:3339 - The clock-to-out numbers in this timing report are based on 
   a 50 Ohm transmission line loading model.  For the details of this model, 
   and for more information on accounting for different loading conditions, 
   please see the device datasheet.



Data Sheet report:
-----------------
All values displayed in nanoseconds (ns)

Setup/Hold to clock Clk
------------+------------+------------+------------+------------+------------------+--------+
            |Max Setup to|  Process   |Max Hold to |  Process   |                  | Clock  |
Source      | clk (edge) |   Corner   | clk (edge) |   Corner   |Internal Clock(s) | Phase  |
------------+------------+------------+------------+------------+------------------+--------+
I<0>        |    1.427(R)|      SLOW  |    0.172(R)|      SLOW  |Clk_BUFGP         |   0.000|
I<1>        |    1.620(R)|      SLOW  |   -0.208(R)|      SLOW  |Clk_BUFGP         |   0.000|
I<2>        |    1.830(R)|      SLOW  |   -0.121(R)|      SLOW  |Clk_BUFGP         |   0.000|
I<3>        |    1.568(R)|      SLOW  |    0.265(R)|      SLOW  |Clk_BUFGP         |   0.000|
I<4>        |    1.457(R)|      SLOW  |   -0.348(R)|      SLOW  |Clk_BUFGP         |   0.000|
I<5>        |    1.646(R)|      SLOW  |    0.182(R)|      SLOW  |Clk_BUFGP         |   0.000|
I<6>        |    1.306(R)|      SLOW  |   -0.226(R)|      SLOW  |Clk_BUFGP         |   0.000|
I<7>        |    2.041(R)|      SLOW  |    0.081(R)|      SLOW  |Clk_BUFGP         |   0.000|
LOAD        |    3.981(R)|      SLOW  |   -0.756(R)|      SLOW  |Clk_BUFGP         |   0.000|
OP<0>       |    5.842(R)|      SLOW  |   -0.702(R)|      FAST  |Clk_BUFGP         |   0.000|
OP<1>       |    7.587(R)|      SLOW  |   -0.551(R)|      SLOW  |Clk_BUFGP         |   0.000|
OP<2>       |    3.540(R)|      SLOW  |   -0.472(R)|      SLOW  |Clk_BUFGP         |   0.000|
OP<3>       |    3.684(R)|      SLOW  |   -0.521(R)|      SLOW  |Clk_BUFGP         |   0.000|
RESET       |    5.816(R)|      SLOW  |   -0.402(R)|      SLOW  |Clk_BUFGP         |   0.000|
RUN         |    5.468(R)|      SLOW  |   -0.025(R)|      SLOW  |Clk_BUFGP         |   0.000|
SEL_IN      |    4.011(R)|      SLOW  |   -0.782(R)|      SLOW  |Clk_BUFGP         |   0.000|
SEL_OUT     |    7.409(R)|      SLOW  |   -0.816(R)|      FAST  |Clk_BUFGP         |   0.000|
------------+------------+------------+------------+------------+------------------+--------+

Clock Clk to Pad
------------+-----------------+------------+-----------------+------------+------------------+--------+
            |Max (slowest) clk|  Process   |Min (fastest) clk|  Process   |                  | Clock  |
Destination |  (edge) to PAD  |   Corner   |  (edge) to PAD  |   Corner   |Internal Clock(s) | Phase  |
------------+-----------------+------------+-----------------+------------+------------------+--------+
Cout        |         8.983(R)|      SLOW  |         4.852(R)|      FAST  |Clk_BUFGP         |   0.000|
F_active    |         8.764(R)|      SLOW  |         4.614(R)|      FAST  |Clk_BUFGP         |   0.000|
N           |         7.964(R)|      SLOW  |         4.139(R)|      FAST  |Clk_BUFGP         |   0.000|
R<0>        |         7.911(R)|      SLOW  |         4.085(R)|      FAST  |Clk_BUFGP         |   0.000|
R<1>        |         7.904(R)|      SLOW  |         4.059(R)|      FAST  |Clk_BUFGP         |   0.000|
R<2>        |         7.162(R)|      SLOW  |         3.618(R)|      FAST  |Clk_BUFGP         |   0.000|
R<3>        |         7.373(R)|      SLOW  |         3.709(R)|      FAST  |Clk_BUFGP         |   0.000|
R<4>        |         7.684(R)|      SLOW  |         3.995(R)|      FAST  |Clk_BUFGP         |   0.000|
R<5>        |         7.695(R)|      SLOW  |         3.940(R)|      FAST  |Clk_BUFGP         |   0.000|
R<6>        |         7.679(R)|      SLOW  |         4.004(R)|      FAST  |Clk_BUFGP         |   0.000|
R<7>        |         7.857(R)|      SLOW  |         4.058(R)|      FAST  |Clk_BUFGP         |   0.000|
V           |         8.496(R)|      SLOW  |         4.473(R)|      FAST  |Clk_BUFGP         |   0.000|
X_bin_pal   |         8.167(R)|      SLOW  |         4.256(R)|      FAST  |Clk_BUFGP         |   0.000|
X_prime     |         8.387(R)|      SLOW  |         4.423(R)|      FAST  |Clk_BUFGP         |   0.000|
Z           |         8.207(R)|      SLOW  |         4.260(R)|      FAST  |Clk_BUFGP         |   0.000|
------------+-----------------+------------+-----------------+------------+------------------+--------+

Clock to Setup on destination clock Clk
---------------+---------+---------+---------+---------+
               | Src:Rise| Src:Fall| Src:Rise| Src:Fall|
Source Clock   |Dest:Rise|Dest:Rise|Dest:Fall|Dest:Fall|
---------------+---------+---------+---------+---------+
Clk            |   14.438|         |         |         |
---------------+---------+---------+---------+---------+


Analysis completed Mon Jul 19 17:46:22 2021 
--------------------------------------------------------------------------------

Trace Settings:
-------------------------
Trace Settings 

Peak Memory Usage: 4606 MB



